Starting org.bukkit.craftbukkit.Main
2025-10-24T16:47:33.230689437Z ServerMain WARN Advanced terminal features are not available in this environment
[18:47:33 INFO]: [bootstrap] Running Java 21 (OpenJDK 64-Bit Server VM 21.0.8+9; Arch Linux null) on Linux 6.17.2-arch1-1 (amd64)
[18:47:33 INFO]: [bootstrap] Loading Paper 1.21.10-85-main@d98142e (2025-10-23T17:10:21Z) for Minecraft 1.21.10
[18:47:33 INFO]: [PluginInitializerManager] Initializing plugins...
[18:47:33 INFO]: [PluginRemapper] Remapping plugin 'plugins/Lobby-1.2.2.jar'...
[18:47:34 INFO]: [PluginRemapper] Done remapping plugin 'plugins/Lobby-1.2.2.jar' in 627ms.
[18:47:34 INFO]: [PluginInitializerManager] Initialized 1 plugin
[18:47:34 INFO]: [PluginInitializerManager] Bukkit plugins (1):
 - OneVsOneLobby (1.2.2)
[18:47:36 INFO]: Environment: Environment[sessionHost=https://sessionserver.mojang.com, servicesHost=https://api.minecraftservices.com, profilesHost=https://api.mojang.com, name=PROD]
[18:47:37 INFO]: Loaded 1461 recipes
[18:47:37 INFO]: Loaded 1574 advancements
[18:47:37 INFO]: [ca.spottedleaf.dataconverter.minecraft.datatypes.MCTypeRegistry] Initialising converters for DataConverter...
[18:47:37 INFO]: [ca.spottedleaf.dataconverter.minecraft.datatypes.MCTypeRegistry] Finished initialising converters for DataConverter in 249.7ms
[18:47:37 INFO]: Starting minecraft server version 1.21.10
[18:47:37 INFO]: Loading properties
[18:47:37 INFO]: This server is running Paper version 1.21.10-85-main@d98142e (2025-10-23T17:10:21Z) (Implementing API version 1.21.10-R0.1-SNAPSHOT)
[18:47:37 INFO]: [spark] This server bundles the spark profiler. For more information please visit https://docs.papermc.io/paper/profiling
[18:47:37 INFO]: Server Ping Player Sample Count: 12
[18:47:37 INFO]: Using 4 threads for Netty based IO
[18:47:38 INFO]: [MoonriseCommon] Paper is using 6 worker threads, 1 I/O threads
[18:47:38 INFO]: Default game type: SURVIVAL
[18:47:38 INFO]: Generating keypair
[18:47:38 INFO]: Starting Minecraft server on *:25565
[18:47:38 INFO]: Using epoll channel type
[18:47:38 INFO]: Paper: Using libdeflate (Linux x86_64) compression from Velocity.
[18:47:38 INFO]: Paper: Using OpenSSL 3.x.x (Linux x86_64) cipher from Velocity.
[18:47:38 INFO]: [OneVsOneLobby] Loading server plugin OneVsOneLobby v1.2.2
[18:47:38 INFO]: Server permissions file permissions.yml is empty, ignoring it
[18:47:38 WARN]: **** SERVER IS RUNNING IN OFFLINE/INSECURE MODE!
[18:47:38 WARN]: The server will make no attempt to authenticate usernames. Beware.
[18:47:38 WARN]: While this makes the game possible to play without internet access, it also opens up the ability for hackers to connect with any username they choose.
[18:47:38 WARN]: To change this, set "online-mode" to "true" in the server.properties file.
[18:47:38 INFO]: Preparing level "world"
[18:47:38 INFO]: Loading 0 persistent chunks for world 'minecraft:overworld'...
[18:47:38 INFO]: Prepared spawn area in 1 ms
[18:47:38 INFO]: Loading 0 persistent chunks for world 'minecraft:the_nether'...
[18:47:38 INFO]: Prepared spawn area in 0 ms
[18:47:38 INFO]: Loading 0 persistent chunks for world 'minecraft:the_end'...
[18:47:38 INFO]: Prepared spawn area in 0 ms
[18:47:38 INFO]: Done preparing level "world" (0.207s)
[18:47:38 INFO]: [OneVsOneLobby] Enabling OneVsOneLobby v1.2.2
[18:47:38 INFO]: [OneVsOneLobby] ยง2Starting Database Setup
[18:47:38 INFO]: [OneVsOneLobby] ยง2Connecting to Database
[18:47:38 WARN]: java.sql.SQLException: Access denied for user 'username'@'localhost'
[18:47:38 WARN]: 	at com.mysql.cj.jdbc.exceptions.SQLError.createSQLException(SQLError.java:121)
[18:47:38 WARN]: 	at com.mysql.cj.jdbc.exceptions.SQLExceptionsMapping.translateException(SQLExceptionsMapping.java:114)
[18:47:38 WARN]: 	at com.mysql.cj.jdbc.ConnectionImpl.createNewIO(ConnectionImpl.java:837)
[18:47:38 WARN]: 	at com.mysql.cj.jdbc.ConnectionImpl.<init>(ConnectionImpl.java:420)
[18:47:38 WARN]: 	at com.mysql.cj.jdbc.ConnectionImpl.getInstance(ConnectionImpl.java:238)
[18:47:38 WARN]: 	at com.mysql.cj.jdbc.NonRegisteringDriver.connect(NonRegisteringDriver.java:180)
[18:47:38 WARN]: 	at com.mysql.cj.jdbc.MysqlDataSource.getConnection(MysqlDataSource.java:408)
[18:47:38 WARN]: 	at com.mysql.cj.jdbc.MysqlDataSource.getConnection(MysqlDataSource.java:120)
[18:47:38 WARN]: 	at com.mysql.cj.jdbc.MysqlDataSource.getConnection(MysqlDataSource.java:105)
[18:47:38 WARN]: 	at Lobby-1.2.2.jar//com.github.gamedipoxx.oneVsOne.utils.MySQLManager.connect(MySQLManager.java:61)
[18:47:38 WARN]: 	at Lobby-1.2.2.jar//com.github.gamedipoxx.oneVsOne.utils.MySQLManager.init(MySQLManager.java:39)
[18:47:38 WARN]: 	at Lobby-1.2.2.jar//com.github.gamedipoxx.oneVsOneLobby.OneVsOneLobby.onEnable(OneVsOneLobby.java:63)
[18:47:38 WARN]: 	at org.bukkit.plugin.java.JavaPlugin.setEnabled(JavaPlugin.java:279)
[18:47:38 WARN]: 	at io.papermc.paper.plugin.manager.PaperPluginInstanceManager.enablePlugin(PaperPluginInstanceManager.java:202)
[18:47:38 WARN]: 	at io.papermc.paper.plugin.manager.PaperPluginManagerImpl.enablePlugin(PaperPluginManagerImpl.java:109)
[18:47:38 WARN]: 	at org.bukkit.plugin.SimplePluginManager.enablePlugin(SimplePluginManager.java:520)
[18:47:38 WARN]: 	at org.bukkit.craftbukkit.CraftServer.enablePlugin(CraftServer.java:640)
[18:47:38 WARN]: 	at org.bukkit.craftbukkit.CraftServer.enablePlugins(CraftServer.java:596)
[18:47:38 WARN]: 	at net.minecraft.server.MinecraftServer.initPostWorld(MinecraftServer.java:636)
[18:47:38 WARN]: 	at net.minecraft.server.dedicated.DedicatedServer.initServer(DedicatedServer.java:368)
[18:47:38 WARN]: 	at net.minecraft.server.MinecraftServer.runServer(MinecraftServer.java:1262)
[18:47:38 WARN]: 	at net.minecraft.server.MinecraftServer.lambda$spin$2(MinecraftServer.java:383)
[18:47:38 WARN]: 	at java.base/java.lang.Thread.run(Thread.java:1583)
[18:47:38 INFO]: [OneVsOneLobby] Disabling OneVsOneLobby v1.2.2
[18:47:38 ERROR]: Error occurred while enabling OneVsOneLobby v1.2.2 (Is it up to date?)
java.lang.IllegalStateException: The plugin classloader for OneVsOneLobby has thrown a zip file error.
	at org.bukkit.plugin.java.PluginClassLoader.findClass(PluginClassLoader.java:228) ~[paper-api-1.21.10-R0.1-SNAPSHOT.jar:?]
	at java.base/java.lang.ClassLoader.loadClass(ClassLoader.java:593) ~[?:?]
	at org.bukkit.plugin.java.PluginClassLoader.loadClass0(PluginClassLoader.java:180) ~[paper-api-1.21.10-R0.1-SNAPSHOT.jar:?]
	at org.bukkit.plugin.java.PluginClassLoader.loadClass(PluginClassLoader.java:175) ~[paper-api-1.21.10-R0.1-SNAPSHOT.jar:?]
	at java.base/java.lang.ClassLoader.loadClass(ClassLoader.java:526) ~[?:?]
	at Lobby-1.2.2.jar/com.github.gamedipoxx.oneVsOneLobby.OneVsOneLobby.onEnable(OneVsOneLobby.java:67) ~[Lobby-1.2.2.jar:?]
	at org.bukkit.plugin.java.JavaPlugin.setEnabled(JavaPlugin.java:279) ~[paper-api-1.21.10-R0.1-SNAPSHOT.jar:?]
	at io.papermc.paper.plugin.manager.PaperPluginInstanceManager.enablePlugin(PaperPluginInstanceManager.java:202) ~[paper-1.21.10.jar:1.21.10-85-d98142e]
	at io.papermc.paper.plugin.manager.PaperPluginManagerImpl.enablePlugin(PaperPluginManagerImpl.java:109) ~[paper-1.21.10.jar:1.21.10-85-d98142e]
	at org.bukkit.plugin.SimplePluginManager.enablePlugin(SimplePluginManager.java:520) ~[paper-api-1.21.10-R0.1-SNAPSHOT.jar:?]
	at org.bukkit.craftbukkit.CraftServer.enablePlugin(CraftServer.java:640) ~[paper-1.21.10.jar:1.21.10-85-d98142e]
	at org.bukkit.craftbukkit.CraftServer.enablePlugins(CraftServer.java:596) ~[paper-1.21.10.jar:1.21.10-85-d98142e]
	at net.minecraft.server.MinecraftServer.initPostWorld(MinecraftServer.java:636) ~[paper-1.21.10.jar:1.21.10-85-d98142e]
	at net.minecraft.server.dedicated.DedicatedServer.initServer(DedicatedServer.java:368) ~[paper-1.21.10.jar:1.21.10-85-d98142e]
	at net.minecraft.server.MinecraftServer.runServer(MinecraftServer.java:1262) ~[paper-1.21.10.jar:1.21.10-85-d98142e]
	at net.minecraft.server.MinecraftServer.lambda$spin$2(MinecraftServer.java:383) ~[paper-1.21.10.jar:1.21.10-85-d98142e]
	at java.base/java.lang.Thread.run(Thread.java:1583) ~[?:?]
Caused by: java.lang.IllegalStateException: zip file closed
	at java.base/java.util.zip.ZipFile.ensureOpen(ZipFile.java:846) ~[?:?]
	at java.base/java.util.zip.ZipFile.getEntry(ZipFile.java:338) ~[?:?]
	at java.base/java.util.jar.JarFile.getEntry(JarFile.java:517) ~[?:?]
	at java.base/java.util.jar.JarFile.getJarEntry(JarFile.java:472) ~[?:?]
	at org.bukkit.plugin.java.PluginClassLoader.findClass(PluginClassLoader.java:223) ~[paper-api-1.21.10-R0.1-SNAPSHOT.jar:?]
	... 16 more
[18:47:38 INFO]: [spark] Starting background profiler...
[WARN] Install JVM debug symbols to improve profile accuracy
[WARN] Install JVM debug symbols to improve profile accuracy
[18:47:38 INFO]: Running delayed init tasks
[18:47:38 INFO]: Done (5.871s)! For help, type "help"
[18:52:03 INFO]: Stopping server
[18:52:03 INFO]: Saving players
[18:52:03 INFO]: Saving worlds
[18:52:03 INFO]: Saving chunks for level 'ServerLevel[world]'/minecraft:overworld
[18:52:04 INFO]: [ChunkHolderManager] Waiting 60s for chunk system to halt for world 'world'
[18:52:04 INFO]: [ChunkHolderManager] Halted chunk system for world 'world'
[18:52:04 INFO]: [ChunkHolderManager] Saving all chunkholders for world 'world'
[18:52:04 INFO]: [ChunkHolderManager] Saved 0 block chunks, 0 entity chunks, 0 poi chunks in world 'world' in 0.10s
[18:52:04 INFO]: [ChunkHolderManager] Waiting 60s for chunk I/O to halt for world 'world'
[18:52:04 INFO]: [ChunkHolderManager] Halted I/O scheduler for world 'world'
[18:52:04 INFO]: Saving chunks for level 'ServerLevel[world_nether]'/minecraft:the_nether
[18:52:04 INFO]: [ChunkHolderManager] Waiting 60s for chunk system to halt for world 'world_nether'
[18:52:04 INFO]: [ChunkHolderManager] Halted chunk system for world 'world_nether'
[18:52:04 INFO]: [ChunkHolderManager] Saving all chunkholders for world 'world_nether'
[18:52:04 INFO]: [ChunkHolderManager] Saved 0 block chunks, 0 entity chunks, 0 poi chunks in world 'world_nether' in 0.00s
[18:52:04 INFO]: [ChunkHolderManager] Waiting 60s for chunk I/O to halt for world 'world_nether'
[18:52:04 INFO]: [ChunkHolderManager] Halted I/O scheduler for world 'world_nether'
[18:52:04 INFO]: Saving chunks for level 'ServerLevel[world_the_end]'/minecraft:the_end
[18:52:04 INFO]: [ChunkHolderManager] Waiting 60s for chunk system to halt for world 'world_the_end'
[18:52:04 INFO]: [ChunkHolderManager] Halted chunk system for world 'world_the_end'
[18:52:04 INFO]: [ChunkHolderManager] Saving all chunkholders for world 'world_the_end'
[18:52:04 INFO]: [ChunkHolderManager] Saved 0 block chunks, 0 entity chunks, 0 poi chunks in world 'world_the_end' in 0.00s
[18:52:04 INFO]: [ChunkHolderManager] Waiting 60s for chunk I/O to halt for world 'world_the_end'
[18:52:04 INFO]: [ChunkHolderManager] Halted I/O scheduler for world 'world_the_end'
[18:52:04 INFO]: ThreadedAnvilChunkStorage (world): All chunks are saved
[18:52:04 INFO]: ThreadedAnvilChunkStorage (DIM-1): All chunks are saved
[18:52:04 INFO]: ThreadedAnvilChunkStorage (DIM1): All chunks are saved
[18:52:04 INFO]: ThreadedAnvilChunkStorage: All dimensions are saved
[18:52:04 INFO]: Waiting for all RegionFile I/O tasks to complete...
[18:52:04 INFO]: All RegionFile I/O tasks to complete
[18:52:04 INFO]: [MoonriseCommon] Awaiting termination of worker pool for up to 60s...
[18:52:04 INFO]: [MoonriseCommon] Awaiting termination of I/O pool for up to 60s...
